<?xml version="1.0" encoding="UTF-8"?>
<testsuite xmlns:xsi="http://www.w3.org/2001/XMLSchema-instance" xsi:noNamespaceSchemaLocation="https://maven.apache.org/surefire/maven-surefire-plugin/xsd/surefire-test-report-3.0.xsd" version="3.0" name="enzofalvo.clima.api.ApplicationTests" time="5.782" tests="1" errors="0" skipped="0" failures="0">
  <properties>
[...]
</properties>
  <testcase name="contextLoads" classname="enzofalvo.clima.api.ApplicationTests" time="1.323">
    <system-out><![CDATA[22:25:57.023 [main] INFO org.springframework.test.context.support.AnnotationConfigContextLoaderUtils -- Could not detect default configuration classes for test class [enzofalvo.clima.api.ApplicationTests]: ApplicationTests does not declare any static, non-private, non-final, nested classes annotated with @Configuration.
22:25:57.185 [main] INFO org.springframework.boot.test.context.SpringBootTestContextBootstrapper -- Found @SpringBootConfiguration enzofalvo.clima.api.Application for test class enzofalvo.clima.api.ApplicationTests

  .   ____          _            __ _ _
 /\\ / ___'_ __ _ _(_)_ __  __ _ \ \ \ \
( ( )\___ | '_ | '_| | '_ \/ _` | \ \ \ \
 \\/  ___)| |_)| | | | | || (_| |  ) ) ) )
  '  |____| .__|_| |_|_| |_\__, | / / / /
 =========|_|==============|___/=/_/_/_/

 :: Spring Boot ::                (v3.3.2)

2024-08-17T22:25:57.894-03:00  INFO 5980 --- [clima.api] [           main] enzofalvo.clima.api.ApplicationTests     : Starting ApplicationTests using Java 17.0.9 with PID 5980 (started by enzofalvo in D:\Estudos\Alone\Serviço Metereologico API)
2024-08-17T22:25:57.897-03:00  INFO 5980 --- [clima.api] [           main] enzofalvo.clima.api.ApplicationTests     : No active profile set, falling back to 1 default profile: "default"
2024-08-17T22:25:58.854-03:00  INFO 5980 --- [clima.api] [           main] .s.d.r.c.RepositoryConfigurationDelegate : Multiple Spring Data modules found, entering strict repository configuration mode
2024-08-17T22:25:58.857-03:00  INFO 5980 --- [clima.api] [           main] .s.d.r.c.RepositoryConfigurationDelegate : Bootstrapping Spring Data Redis repositories in DEFAULT mode.
2024-08-17T22:25:58.897-03:00  INFO 5980 --- [clima.api] [           main] .s.d.r.c.RepositoryConfigurationDelegate : Finished Spring Data repository scanning in 17 ms. Found 0 Redis repository interfaces.
2024-08-17T22:26:00.896-03:00  WARN 5980 --- [clima.api] [           main] .s.s.UserDetailsServiceAutoConfiguration : 

Using generated security password: a2e169bf-3f26-4993-b16d-595fcd6436bf

This generated password is for development use only. Your security configuration must be updated before running your application in production.

2024-08-17T22:26:00.935-03:00  INFO 5980 --- [clima.api] [           main] r$InitializeUserDetailsManagerConfigurer : Global AuthenticationManager configured with UserDetailsService bean with name inMemoryUserDetailsManager
2024-08-17T22:26:01.238-03:00  INFO 5980 --- [clima.api] [           main] enzofalvo.clima.api.ApplicationTests     : Started ApplicationTests in 3.759 seconds (process running for 5.261)
]]></system-out>
  </testcase>
</testsuite>